This is TeX, Version 3.1415 (C version 6.1) (format=latex 97.1.27)  27 FEB 1997 15:14
**thang
(thang.tex
LaTeX2e <1996/12/01>
(/usr/local/texmf/tex/latex2e/base/latex209.def
File: latex209.def 1996/05/21 v0.51 Standard LaTeX file

Entering LaTeX 2.09 compatibility mode.
\footheight=\dimen102
\@maxsep=\dimen103
\@dblmaxsep=\dimen104
\@cla=\count79
\@clb=\count80
\mscount=\count81
(/usr/local/texmf/tex/latex2e/base/tracefnt.sty
Package: tracefnt 1996/07/26 v3.0i Standard LaTeX package (font tracing)
\tracingfonts=\count82
LaTeX Info: Redefining \selectfont on input line 139.
)
\symbold=\mathgroup4
\symsans=\mathgroup5
\symtypewriter=\mathgroup6
\symitalic=\mathgroup7
\symsmallcaps=\mathgroup8
\symslanted=\mathgroup9
LaTeX Font Info:    Redeclaring math alphabet \mathbf on input line 306.
LaTeX Font Info:    Redeclaring math alphabet \mathsf on input line 307.
LaTeX Font Info:    Redeclaring math alphabet \mathtt on input line 308.
LaTeX Font Info:    Redeclaring math alphabet \mathit on input line 314.
LaTeX Info: Redefining \em on input line 324.

(/usr/local/texmf/tex/latex2e/base/latexsym.sty
Package: latexsym 1996/11/20 v2.2d Standard LaTeX package (lasy symbols)
\symlasy=\mathgroup10
LaTeX Font Info:    Overwriting symbol font `lasy' in version `bold'
(Font)                  U/lasy/m/n --> U/lasy/b/n on input line 85.
)
LaTeX Font Info:    Redeclaring math delimiter \lgroup on input line 388.
LaTeX Font Info:    Redeclaring math delimiter \rgroup on input line 390.
LaTeX Font Info:    Redeclaring math delimiter \bracevert on input line 392.
)
(/usr/local/texmf/tex/latex2e/base/article.cls
Document Class: article 1996/10/31 v1.3u Standard LaTeX document class
(/usr/local/texmf/tex/latex2e/base/size10.clo
File: size10.clo 1996/10/31 v1.3u Standard LaTeX file (size option)
)
\c@part=\count83
\c@section=\count84
\c@subsection=\count85
\c@subsubsection=\count86
\c@paragraph=\count87
\c@subparagraph=\count88
\c@figure=\count89
\c@table=\count90
\abovecaptionskip=\skip41
\belowcaptionskip=\skip42
Compatibility mode: definition of \rm ignored.
Compatibility mode: definition of \sf ignored.
Compatibility mode: definition of \tt ignored.
Compatibility mode: definition of \bf ignored.
Compatibility mode: definition of \it ignored.
Compatibility mode: definition of \sl ignored.
Compatibility mode: definition of \sc ignored.
LaTeX Info: Redefining \cal on input line 542.
LaTeX Info: Redefining \mit on input line 543.
\bibindent=\dimen105
) (thang.aux)
LaTeX Font Info:    Checking defaults for OML/cmm/m/it on input line 2.
LaTeX Font Info:    ... okay on input line 2.
LaTeX Font Info:    Checking defaults for T1/cmr/m/n on input line 2.
LaTeX Font Info:    ... okay on input line 2.
LaTeX Font Info:    Checking defaults for OT1/cmr/m/n on input line 2.
LaTeX Font Info:    ... okay on input line 2.
LaTeX Font Info:    Checking defaults for OMS/cmsy/m/n on input line 2.
LaTeX Font Info:    ... okay on input line 2.
LaTeX Font Info:    Checking defaults for OMX/cmex/m/n on input line 2.
LaTeX Font Info:    ... okay on input line 2.
LaTeX Font Info:    Checking defaults for U/cmr/m/n on input line 2.
LaTeX Font Info:    ... okay on input line 2.
 (thang.bbl [1

]
! Misplaced alignment tab character &.
l.128 \newblock {\em J Law &
                             Economics}, XXVI:301--325, June 1983.
? 
[2] [3] [4]
Underfull \hbox (badness 2269) in paragraph at lines 330--333
[]\OT1/cmr/m/n/10 Aldo Rus-ti-chini Sal-va-tore Mod-ica.  Be-lief de-pen-dent u
til-ity.
 []

) [5] (thang.aux)

LaTeX Warning: Label(s) may have changed. Rerun to get cross-references right.

 ) 
Here is how much of TeX's memory you used:
 384 strings out of 10948
 4108 string characters out of 73446
 47950 words of memory out of 262141
 3273 multiletter control sequences out of 9500
 5196 words of font info for 19 fonts, out of 100000 for 255
 14 hyphenation exceptions out of 607
 19i,4n,19p,155b,256s stack positions out of 300i,40n,60p,3000b,4000s

Output written on thang.dvi (5 pages, 13496 bytes).
